{"/Users/ryanlast-harris/Desktop/Janapro/fend/projects/evaluate-news-nlp/src/client/js/formHandler.js": {"path":"/Users/ryanlast-harris/Desktop/Janapro/fend/projects/evaluate-news-nlp/src/client/js/formHandler.js","statementMap":{"0":{"start":{"line":4,"column":23},"end":{"line":4,"column":46}},"1":{"start":{"line":8,"column":4},"end":{"line":8,"column":27}},"2":{"start":{"line":10,"column":19},"end":{"line":10,"column":56}},"3":{"start":{"line":12,"column":4},"end":{"line":22,"column":1}},"4":{"start":{"line":14,"column":4},"end":{"line":21,"column":6}},"5":{"start":{"line":16,"column":8},"end":{"line":16,"column":49}},"6":{"start":{"line":17,"column":8},"end":{"line":17,"column":75}},"7":{"start":{"line":18,"column":8},"end":{"line":18,"column":90}},"8":{"start":{"line":19,"column":8},"end":{"line":19,"column":96}},"9":{"start":{"line":20,"column":8},"end":{"line":20,"column":85}},"10":{"start":{"line":25,"column":17},"end":{"line":45,"column":1}},"11":{"start":{"line":26,"column":21},"end":{"line":36,"column":10}},"12":{"start":{"line":38,"column":8},"end":{"line":44,"column":9}},"13":{"start":{"line":39,"column":28},"end":{"line":39,"column":49}},"14":{"start":{"line":40,"column":12},"end":{"line":40,"column":33}},"15":{"start":{"line":41,"column":12},"end":{"line":41,"column":27}},"16":{"start":{"line":43,"column":12},"end":{"line":43,"column":40}}},"fnMap":{"0":{"name":"handleSubmit","decl":{"start":{"line":7,"column":9},"end":{"line":7,"column":21}},"loc":{"start":{"line":7,"column":29},"end":{"line":23,"column":1}},"line":7},"1":{"name":"(anonymous_1)","decl":{"start":{"line":15,"column":10},"end":{"line":15,"column":11}},"loc":{"start":{"line":15,"column":24},"end":{"line":21,"column":5}},"line":15},"2":{"name":"(anonymous_2)","decl":{"start":{"line":25,"column":17},"end":{"line":25,"column":18}},"loc":{"start":{"line":25,"column":35},"end":{"line":45,"column":1}},"line":25}},"branchMap":{"0":{"loc":{"start":{"line":12,"column":4},"end":{"line":22,"column":1}},"type":"if","locations":[{"start":{"line":12,"column":4},"end":{"line":22,"column":1}},{"start":{"line":12,"column":4},"end":{"line":22,"column":1}}],"line":12},"1":{"loc":{"start":{"line":25,"column":23},"end":{"line":25,"column":30}},"type":"default-arg","locations":[{"start":{"line":25,"column":28},"end":{"line":25,"column":30}}],"line":25}},"s":{"0":1,"1":0,"2":0,"3":0,"4":0,"5":0,"6":0,"7":0,"8":0,"9":0,"10":1,"11":0,"12":0,"13":0,"14":0,"15":0,"16":0},"f":{"0":0,"1":0,"2":0},"b":{"0":[0,0],"1":[0]},"_coverageSchema":"1a1c01bbd47fc00a2c39e90264f33305004495a9","hash":"afbff198cbd4c281a77be74c7da5492eb4927a39"}
,"/Users/ryanlast-harris/Desktop/Janapro/fend/projects/evaluate-news-nlp/src/client/js/urlChecker.js": {"path":"/Users/ryanlast-harris/Desktop/Janapro/fend/projects/evaluate-news-nlp/src/client/js/urlChecker.js","statementMap":{"0":{"start":{"line":2,"column":16},"end":{"line":2,"column":110}},"1":{"start":{"line":3,"column":16},"end":{"line":3,"column":27}},"2":{"start":{"line":5,"column":4},"end":{"line":9,"column":5}},"3":{"start":{"line":6,"column":8},"end":{"line":6,"column":20}},"4":{"start":{"line":8,"column":8},"end":{"line":8,"column":21}}},"fnMap":{"0":{"name":"urlChecker","decl":{"start":{"line":1,"column":9},"end":{"line":1,"column":19}},"loc":{"start":{"line":1,"column":32},"end":{"line":10,"column":1}},"line":1}},"branchMap":{"0":{"loc":{"start":{"line":5,"column":4},"end":{"line":9,"column":5}},"type":"if","locations":[{"start":{"line":5,"column":4},"end":{"line":9,"column":5}},{"start":{"line":5,"column":4},"end":{"line":9,"column":5}}],"line":5}},"s":{"0":1,"1":1,"2":1,"3":1,"4":0},"f":{"0":1},"b":{"0":[1,0]},"_coverageSchema":"1a1c01bbd47fc00a2c39e90264f33305004495a9","hash":"109127312c4df46f5a39c5fc287f7c5e45d7e371"}
,"/Users/ryanlast-harris/Desktop/Janapro/fend/projects/evaluate-news-nlp/src/server/index.js": {"path":"/Users/ryanlast-harris/Desktop/Janapro/fend/projects/evaluate-news-nlp/src/server/index.js","statementMap":{"0":{"start":{"line":1,"column":15},"end":{"line":1,"column":32}},"1":{"start":{"line":2,"column":0},"end":{"line":2,"column":16}},"2":{"start":{"line":5,"column":14},"end":{"line":5,"column":35}},"3":{"start":{"line":6,"column":11},"end":{"line":6,"column":26}},"4":{"start":{"line":7,"column":16},"end":{"line":7,"column":34}},"5":{"start":{"line":8,"column":24},"end":{"line":8,"column":47}},"6":{"start":{"line":9,"column":12},"end":{"line":9,"column":21}},"7":{"start":{"line":10,"column":19},"end":{"line":10,"column":41}},"8":{"start":{"line":11,"column":13},"end":{"line":11,"column":28}},"9":{"start":{"line":12,"column":17},"end":{"line":12,"column":30}},"10":{"start":{"line":13,"column":21},"end":{"line":13,"column":39}},"11":{"start":{"line":14,"column":28},"end":{"line":14,"column":46}},"12":{"start":{"line":16,"column":0},"end":{"line":16,"column":32}},"13":{"start":{"line":17,"column":0},"end":{"line":17,"column":52}},"14":{"start":{"line":18,"column":0},"end":{"line":18,"column":27}},"15":{"start":{"line":19,"column":0},"end":{"line":19,"column":16}},"16":{"start":{"line":21,"column":0},"end":{"line":21,"column":22}},"17":{"start":{"line":24,"column":0},"end":{"line":27,"column":2}},"18":{"start":{"line":25,"column":4},"end":{"line":25,"column":35}},"19":{"start":{"line":34,"column":0},"end":{"line":36,"column":2}},"20":{"start":{"line":35,"column":4},"end":{"line":35,"column":54}},"21":{"start":{"line":39,"column":14},"end":{"line":39,"column":63}},"22":{"start":{"line":40,"column":14},"end":{"line":40,"column":33}},"23":{"start":{"line":41,"column":0},"end":{"line":41,"column":34}},"24":{"start":{"line":44,"column":0},"end":{"line":61,"column":2}},"25":{"start":{"line":48,"column":4},"end":{"line":48,"column":28}},"26":{"start":{"line":49,"column":21},"end":{"line":49,"column":111}},"27":{"start":{"line":50,"column":4},"end":{"line":50,"column":46}},"28":{"start":{"line":51,"column":17},"end":{"line":51,"column":38}},"29":{"start":{"line":52,"column":4},"end":{"line":52,"column":38}},"30":{"start":{"line":53,"column":24},"end":{"line":58,"column":5}},"31":{"start":{"line":59,"column":4},"end":{"line":59,"column":26}},"32":{"start":{"line":60,"column":4},"end":{"line":60,"column":29}},"33":{"start":{"line":63,"column":0},"end":{"line":63,"column":23}}},"fnMap":{"0":{"name":"(anonymous_0)","decl":{"start":{"line":24,"column":13},"end":{"line":24,"column":14}},"loc":{"start":{"line":24,"column":33},"end":{"line":27,"column":1}},"line":24},"1":{"name":"(anonymous_1)","decl":{"start":{"line":34,"column":17},"end":{"line":34,"column":18}},"loc":{"start":{"line":34,"column":29},"end":{"line":36,"column":1}},"line":34},"2":{"name":"(anonymous_2)","decl":{"start":{"line":44,"column":18},"end":{"line":44,"column":19}},"loc":{"start":{"line":44,"column":38},"end":{"line":61,"column":1}},"line":44}},"branchMap":{},"s":{"0":1,"1":1,"2":1,"3":1,"4":1,"5":1,"6":1,"7":1,"8":1,"9":1,"10":1,"11":1,"12":1,"13":1,"14":1,"15":1,"16":1,"17":1,"18":0,"19":1,"20":1,"21":1,"22":1,"23":1,"24":1,"25":0,"26":0,"27":0,"28":0,"29":0,"30":0,"31":0,"32":0,"33":1},"f":{"0":0,"1":1,"2":0},"b":{},"_coverageSchema":"1a1c01bbd47fc00a2c39e90264f33305004495a9","hash":"5b6629f48c5b12921848c0a5ab045c02f54e8332"}
,"/Users/ryanlast-harris/Desktop/Janapro/fend/projects/evaluate-news-nlp/src/server/mockAPI.js": {"path":"/Users/ryanlast-harris/Desktop/Janapro/fend/projects/evaluate-news-nlp/src/server/mockAPI.js","statementMap":{"0":{"start":{"line":1,"column":11},"end":{"line":5,"column":1}},"1":{"start":{"line":7,"column":0},"end":{"line":7,"column":21}}},"fnMap":{},"branchMap":{},"s":{"0":1,"1":1},"f":{},"b":{},"_coverageSchema":"1a1c01bbd47fc00a2c39e90264f33305004495a9","hash":"1d7112acb6114817dcf84307ab55feaeb16040c7"}
}
