TN:
SF:src/client/js/formHandler.js
FN:7,handleSubmit
FN:15,(anonymous_1)
FN:25,(anonymous_2)
FNF:3
FNH:0
FNDA:0,handleSubmit
FNDA:0,(anonymous_1)
FNDA:0,(anonymous_2)
DA:4,1
DA:8,0
DA:10,0
DA:12,0
DA:14,0
DA:16,0
DA:17,0
DA:18,0
DA:19,0
DA:20,0
DA:25,1
DA:26,0
DA:38,0
DA:39,0
DA:40,0
DA:41,0
DA:43,0
LF:17
LH:2
BRDA:12,0,0,0
BRDA:12,0,1,0
BRDA:25,1,0,0
BRF:3
BRH:0
end_of_record
TN:
SF:src/client/js/urlChecker.js
FN:1,urlChecker
FNF:1
FNH:1
FNDA:1,urlChecker
DA:2,1
DA:3,1
DA:5,1
DA:6,1
DA:8,0
LF:5
LH:4
BRDA:5,0,0,1
BRDA:5,0,1,0
BRF:2
BRH:1
end_of_record
TN:
SF:src/server/index.js
FN:24,(anonymous_0)
FN:34,(anonymous_1)
FN:44,(anonymous_2)
FNF:3
FNH:1
FNDA:0,(anonymous_0)
FNDA:1,(anonymous_1)
FNDA:0,(anonymous_2)
DA:1,1
DA:2,1
DA:5,1
DA:6,1
DA:7,1
DA:8,1
DA:9,1
DA:10,1
DA:11,1
DA:12,1
DA:13,1
DA:14,1
DA:16,1
DA:17,1
DA:18,1
DA:19,1
DA:21,1
DA:24,1
DA:25,0
DA:34,1
DA:35,1
DA:39,1
DA:40,1
DA:41,1
DA:44,1
DA:48,0
DA:49,0
DA:50,0
DA:51,0
DA:52,0
DA:53,0
DA:59,0
DA:60,0
DA:63,1
LF:34
LH:25
BRF:0
BRH:0
end_of_record
TN:
SF:src/server/mockAPI.js
FNF:0
FNH:0
DA:1,1
DA:7,1
LF:2
LH:2
BRF:0
BRH:0
end_of_record
